<?xml version="1.0" encoding="UTF-8"?>
<!-- Generated by org.testng.reporters.JUnitReportReporter -->
<testsuite hostname="Shantanu" failures="0" tests="1" name="MyPackaage.Test1" time="5.294" errors="0" timestamp="2025-09-19T12:54:22 IST" skipped="0">
  <testcase classname="MyPackaage.Test1" name="a" time="5.294"/>
</testsuite> <!-- MyPackaage.Test1 -->
